C:\USERS\KAMIL W\DESKTOP\STUDIA\SEMESTR V\KOMUNIKACJA CZłOWIEK-KOMPUTER\LABORATORIA\PROJEKT_4\PROJEKT_4\DEBUG\ŹRóDłO.OBJ
C:\USERS\KAMIL W\DESKTOP\STUDIA\SEMESTR V\KOMUNIKACJA CZŁOWIEK-KOMPUTER\LABORATORIA\PROJEKT_4\PROJEKT_4\DEBUG\VC110.PDB
C:\USERS\KAMIL W\DESKTOP\STUDIA\SEMESTR V\KOMUNIKACJA CZłOWIEK-KOMPUTER\LABORATORIA\PROJEKT_4\DEBUG\PROJEKT_4.ILK
C:\USERS\KAMIL W\DESKTOP\STUDIA\SEMESTR V\KOMUNIKACJA CZłOWIEK-KOMPUTER\LABORATORIA\PROJEKT_4\DEBUG\PROJEKT_4.EXE
C:\USERS\KAMIL W\DESKTOP\STUDIA\SEMESTR V\KOMUNIKACJA CZŁOWIEK-KOMPUTER\LABORATORIA\PROJEKT_4\DEBUG\PROJEKT_4.PDB
C:\Users\Kamil W\Desktop\Studia\Semestr V\Komunikacja człowiek-komputer\Laboratoria\Projekt_4\Projekt_4\Debug\Źródło.obj
C:\Users\Kamil W\Desktop\Studia\Semestr V\Komunikacja człowiek-komputer\Laboratoria\Projekt_4\Projekt_4\Debug\cl.command.1.tlog
C:\Users\Kamil W\Desktop\Studia\Semestr V\Komunikacja człowiek-komputer\Laboratoria\Projekt_4\Projekt_4\Debug\CL.read.1.tlog
C:\Users\Kamil W\Desktop\Studia\Semestr V\Komunikacja człowiek-komputer\Laboratoria\Projekt_4\Projekt_4\Debug\CL.write.1.tlog
C:\Users\Kamil W\Desktop\Studia\Semestr V\Komunikacja człowiek-komputer\Laboratoria\Projekt_4\Projekt_4\Debug\link-cvtres.read.1.tlog
C:\Users\Kamil W\Desktop\Studia\Semestr V\Komunikacja człowiek-komputer\Laboratoria\Projekt_4\Projekt_4\Debug\link-cvtres.write.1.tlog
C:\Users\Kamil W\Desktop\Studia\Semestr V\Komunikacja człowiek-komputer\Laboratoria\Projekt_4\Projekt_4\Debug\link-rc.read.1.tlog
C:\Users\Kamil W\Desktop\Studia\Semestr V\Komunikacja człowiek-komputer\Laboratoria\Projekt_4\Projekt_4\Debug\link-rc.write.1.tlog
C:\Users\Kamil W\Desktop\Studia\Semestr V\Komunikacja człowiek-komputer\Laboratoria\Projekt_4\Projekt_4\Debug\link.command.1.tlog
C:\Users\Kamil W\Desktop\Studia\Semestr V\Komunikacja człowiek-komputer\Laboratoria\Projekt_4\Projekt_4\Debug\link.read.1.tlog
C:\Users\Kamil W\Desktop\Studia\Semestr V\Komunikacja człowiek-komputer\Laboratoria\Projekt_4\Projekt_4\Debug\link.write.1.tlog
C:\Users\Kamil W\Desktop\Studia\Semestr V\Komunikacja człowiek-komputer\Laboratoria\Projekt_4\Projekt_4\Debug\vc110.idb
C:\Users\Kamil W\Desktop\Studia\Semestr V\Komunikacja człowiek-komputer\Laboratoria\Projekt_4\Projekt_4\Debug\vc110.pdb
C:\Users\Kamil W\Desktop\Studia\Semestr V\Komunikacja człowiek-komputer\Laboratoria\Projekt_4\Debug\Projekt_4.pdb
C:\Users\Kamil W\Desktop\Studia\Semestr V\Komunikacja człowiek-komputer\Laboratoria\Projekt_4\Debug\Projekt_4.exe
C:\Users\Kamil W\Desktop\Studia\Semestr V\Komunikacja człowiek-komputer\Laboratoria\Projekt_4\Debug\Projekt_4.ilk
